<?xml version="1.0" encoding="UTF-8"?>
<!-- Generated by org.testng.reporters.JUnitReportReporter -->
<testsuite hostname="DESKTOP-1LLMV7U" failures="0" tests="2" name="testing_grounds.ExtentReportsDemoWithTestNG" time="0.932" errors="0" timestamp="2022-02-10T12:39:21 WET" skipped="0">
  <testcase classname="testing_grounds.ExtentReportsDemoWithTestNG" name="test1" time="0.928"/>
  <system-out/>
  <testcase classname="testing_grounds.ExtentReportsDemoWithTestNG" name="test2" time="0.004"/>
  <system-out/>
</testsuite> <!-- testing_grounds.ExtentReportsDemoWithTestNG -->
