<?xml version="1.0" encoding="UTF-8"?>
<!-- Generated by org.testng.reporters.JUnitReportReporter -->
<testsuite hostname="DESKTOP-1LLMV7U" failures="0" tests="1" name="testing_grounds.TestNG_Demo" time="4.483" errors="0" timestamp="2022-02-09T17:31:59 WET" skipped="0">
  <testcase classname="testing_grounds.TestNG_Demo" name="googleSearch" time="4.483"/>
  <system-out/>
</testsuite> <!-- testing_grounds.TestNG_Demo -->
